<?xml version="1.0" encoding="UTF-8"?>
<coverage generated="1784048601828" clover="3.2.0">
  <project timestamp="1784048601828" name="All files">
    <metrics statements="20" coveredstatements="20" conditionals="6" coveredconditionals="6" methods="10" coveredmethods="10" elements="36" coveredelements="36" complexity="0" loc="20" ncloc="20" packages="1" files="2" classes="2"/>
    <file name="Blog.jsx" path="/home/clemoacevedo/course/fullstack_open/fullstack-open/part5/bloglist-frontend-main/src/components/Blog.jsx">
      <metrics statements="6" coveredstatements="6" conditionals="6" coveredconditionals="6" methods="5" coveredmethods="5"/>
      <line num="3" count="1" type="stmt"/>
      <line num="4" count="7" type="stmt"/>
      <line num="6" count="7" type="stmt"/>
      <line num="19" count="3" type="stmt"/>
      <line num="30" count="2" type="stmt"/>
      <line num="38" count="1" type="stmt"/>
    </file>
    <file name="BlogForm.jsx" path="/home/clemoacevedo/course/fullstack_open/fullstack-open/part5/bloglist-frontend-main/src/components/BlogForm.jsx">
      <metrics statements="14" coveredstatements="14" conditionals="0" coveredconditionals="0" methods="5" coveredmethods="5"/>
      <line num="3" count="1" type="stmt"/>
      <line num="4" count="55" type="stmt"/>
      <line num="5" count="55" type="stmt"/>
      <line num="6" count="55" type="stmt"/>
      <line num="8" count="55" type="stmt"/>
      <line num="9" count="1" type="stmt"/>
      <line num="11" count="1" type="stmt"/>
      <line num="17" count="1" type="stmt"/>
      <line num="18" count="1" type="stmt"/>
      <line num="19" count="1" type="stmt"/>
      <line num="22" count="55" type="stmt"/>
      <line num="32" count="13" type="stmt"/>
      <line num="43" count="13" type="stmt"/>
      <line num="54" count="27" type="stmt"/>
    </file>
  </project>
</coverage>
