{"/home/clemoacevedo/course/fullstack_open/fullstack-open/part5/bloglist-frontend-main/src/components/Blog.jsx": {"path":"/home/clemoacevedo/course/fullstack_open/fullstack-open/part5/bloglist-frontend-main/src/components/Blog.jsx","statementMap":{"0":{"start":{"line":3,"column":13},"end":{"line":46,"column":null}},"1":{"start":{"line":4,"column":36},"end":{"line":4,"column":null}},"2":{"start":{"line":6,"column":2},"end":{"line":44,"column":null}},"3":{"start":{"line":19,"column":31},"end":{"line":19,"column":null}},"4":{"start":{"line":19,"column":54},"end":{"line":19,"column":59}},"5":{"start":{"line":30,"column":35},"end":{"line":30,"column":53}},"6":{"start":{"line":38,"column":35},"end":{"line":38,"column":55}}},"fnMap":{"0":{"name":"(anonymous_0)","decl":{"start":{"line":3,"column":13},"end":{"line":3,"column":14}},"loc":{"start":{"line":3,"column":59},"end":{"line":46,"column":null}},"line":3},"1":{"name":"(anonymous_1)","decl":{"start":{"line":19,"column":25},"end":{"line":19,"column":31}},"loc":{"start":{"line":19,"column":31},"end":{"line":19,"column":null}},"line":19},"2":{"name":"(anonymous_2)","decl":{"start":{"line":19,"column":46},"end":{"line":19,"column":54}},"loc":{"start":{"line":19,"column":54},"end":{"line":19,"column":59}},"line":19},"3":{"name":"(anonymous_3)","decl":{"start":{"line":30,"column":29},"end":{"line":30,"column":35}},"loc":{"start":{"line":30,"column":35},"end":{"line":30,"column":53}},"line":30},"4":{"name":"(anonymous_4)","decl":{"start":{"line":38,"column":29},"end":{"line":38,"column":35}},"loc":{"start":{"line":38,"column":35},"end":{"line":38,"column":55}},"line":38}},"branchMap":{"0":{"loc":{"start":{"line":20,"column":11},"end":{"line":20,"column":null}},"type":"cond-expr","locations":[{"start":{"line":20,"column":25},"end":{"line":20,"column":34}},{"start":{"line":20,"column":34},"end":{"line":20,"column":null}}],"line":20},"1":{"loc":{"start":{"line":24,"column":7},"end":{"line":42,"column":null}},"type":"binary-expr","locations":[{"start":{"line":24,"column":7},"end":{"line":24,"column":null}},{"start":{"line":25,"column":8},"end":{"line":42,"column":null}}],"line":24},"2":{"loc":{"start":{"line":37,"column":11},"end":{"line":40,"column":null}},"type":"binary-expr","locations":[{"start":{"line":37,"column":11},"end":{"line":37,"column":null}},{"start":{"line":38,"column":12},"end":{"line":40,"column":null}}],"line":37}},"s":{"0":1,"1":7,"2":7,"3":3,"4":3,"5":2,"6":1},"f":{"0":7,"1":3,"2":3,"3":2,"4":1},"b":{"0":[3,4],"1":[7,3],"2":[3,3]},"meta":{"lastBranch":3,"lastFunction":5,"lastStatement":7,"seen":{"s:3:13:46:Infinity":0,"f:3:13:3:14":0,"s:4:36:4:Infinity":1,"s:6:2:44:Infinity":2,"f:19:25:19:31":1,"s:19:31:19:Infinity":3,"f:19:46:19:54":2,"s:19:54:19:59":4,"b:20:25:20:34:20:34:20:Infinity":0,"b:24:7:24:Infinity:25:8:42:Infinity":1,"f:30:29:30:35":3,"s:30:35:30:53":5,"b:37:11:37:Infinity:38:12:40:Infinity":2,"f:38:29:38:35":4,"s:38:35:38:55":6},"fnNames":{}}}
,"/home/clemoacevedo/course/fullstack_open/fullstack-open/part5/bloglist-frontend-main/src/components/BlogForm.jsx": {"path":"/home/clemoacevedo/course/fullstack_open/fullstack-open/part5/bloglist-frontend-main/src/components/BlogForm.jsx","statementMap":{"0":{"start":{"line":3,"column":17},"end":{"line":62,"column":null}},"1":{"start":{"line":4,"column":24},"end":{"line":4,"column":null}},"2":{"start":{"line":5,"column":26},"end":{"line":5,"column":null}},"3":{"start":{"line":6,"column":20},"end":{"line":6,"column":null}},"4":{"start":{"line":8,"column":23},"end":{"line":20,"column":null}},"5":{"start":{"line":9,"column":4},"end":{"line":9,"column":null}},"6":{"start":{"line":11,"column":4},"end":{"line":15,"column":null}},"7":{"start":{"line":17,"column":4},"end":{"line":17,"column":null}},"8":{"start":{"line":18,"column":4},"end":{"line":18,"column":null}},"9":{"start":{"line":19,"column":4},"end":{"line":19,"column":null}},"10":{"start":{"line":22,"column":2},"end":{"line":60,"column":null}},"11":{"start":{"line":32,"column":38},"end":{"line":32,"column":null}},"12":{"start":{"line":43,"column":38},"end":{"line":43,"column":null}},"13":{"start":{"line":54,"column":38},"end":{"line":54,"column":null}}},"fnMap":{"0":{"name":"(anonymous_0)","decl":{"start":{"line":3,"column":17},"end":{"line":3,"column":18}},"loc":{"start":{"line":3,"column":37},"end":{"line":62,"column":null}},"line":3},"1":{"name":"(anonymous_1)","decl":{"start":{"line":8,"column":23},"end":{"line":8,"column":24}},"loc":{"start":{"line":8,"column":34},"end":{"line":20,"column":null}},"line":8},"2":{"name":"(anonymous_2)","decl":{"start":{"line":32,"column":22},"end":{"line":32,"column":23}},"loc":{"start":{"line":32,"column":38},"end":{"line":32,"column":null}},"line":32},"3":{"name":"(anonymous_3)","decl":{"start":{"line":43,"column":22},"end":{"line":43,"column":23}},"loc":{"start":{"line":43,"column":38},"end":{"line":43,"column":null}},"line":43},"4":{"name":"(anonymous_4)","decl":{"start":{"line":54,"column":22},"end":{"line":54,"column":23}},"loc":{"start":{"line":54,"column":38},"end":{"line":54,"column":null}},"line":54}},"branchMap":{},"s":{"0":1,"1":55,"2":55,"3":55,"4":55,"5":1,"6":1,"7":1,"8":1,"9":1,"10":55,"11":13,"12":13,"13":27},"f":{"0":55,"1":1,"2":13,"3":13,"4":27},"b":{},"meta":{"lastBranch":0,"lastFunction":5,"lastStatement":14,"seen":{"s:3:17:62:Infinity":0,"f:3:17:3:18":0,"s:4:24:4:Infinity":1,"s:5:26:5:Infinity":2,"s:6:20:6:Infinity":3,"s:8:23:20:Infinity":4,"f:8:23:8:24":1,"s:9:4:9:Infinity":5,"s:11:4:15:Infinity":6,"s:17:4:17:Infinity":7,"s:18:4:18:Infinity":8,"s:19:4:19:Infinity":9,"s:22:2:60:Infinity":10,"f:32:22:32:23":2,"s:32:38:32:Infinity":11,"f:43:22:43:23":3,"s:43:38:43:Infinity":12,"f:54:22:54:23":4,"s:54:38:54:Infinity":13},"fnNames":{}}}
}
